#
# A fatal error has been detected by the Java Runtime Environment:
#
#  SIGSEGV (0xb) at pc=0x000000010ea4be88, pid=38789, tid=4619
#
# JRE version: Java(TM) SE Runtime Environment (7.0_79-b15) (build 1.7.0_79-b15)
# Java VM: Java HotSpot(TM) 64-Bit Server VM (24.79-b02 mixed mode bsd-amd64 compressed oops)
# Problematic frame:
# V  [libjvm.dylib+0x44be88]  PlaceholderTable::get_entry(int, unsigned int, Symbol*, Handle)+0x1e
#
# Failed to write core dump. Core dumps have been disabled. To enable core dumping, try "ulimit -c unlimited" before starting Java again
#
# If you would like to submit a bug report, please visit:
#   http://bugreport.java.com/bugreport/crash.jsp
#

---------------  T H R E A D  ---------------

Current thread (0x00007fd29cadf800):  JavaThread "clojure-agent-send-off-pool-1" [_thread_in_vm, id=4619, stack(0x000070000ead3000,0x000070000ebd3000)]

siginfo:si_signo=SIGSEGV: si_errno=0, si_code=0 (SEGV0), si_addr=0x0000000000000000

Registers:
RAX=0xff000000ff000000, RBX=0x00007fd29cadf800, RCX=0x00007fd29c040ba0, RDX=0x000000005ae120b0
RSP=0x000070000ebd1430, RBP=0x000070000ebd1430, RSI=0x00000000000001e1, RDI=0x00007fd29b417530
R8 =0x00000007d1aebc68, R9 =0x00007fd29b5453b0, R10=0x0000000000000006, R11=0x000000010eb591d8
R12=0x00007fd29c040ba0, R13=0x00007fd29b5453b8, R14=0x00007fd29b5453b8, R15=0x00007fd29b40c5b0
RIP=0x000000010ea4be88, EFLAGS=0x0000000000010286, ERR=0x0000000000000000
  TRAPNO=0x000000000000000d

Top of Stack: (sp=0x000070000ebd1430)
0x000070000ebd1430:   000070000ebd1500 000000010eaca85c
0x000070000ebd1440:   00007fd29cadf800 0000000100000000
0x000070000ebd1450:   0000000111e0f8a0 00007fd29b5453b0
0x000070000ebd1460:   00007fd29b5453b8 000001e15ae120b0
0x000070000ebd1470:   000001e15ae120b0 00007fd29c040ba0
0x000070000ebd1480:   000070000ebd1580 000000010e6f6288
0x000070000ebd1490:   000000b700000000 00007fd29b5453a8
0x000070000ebd14a0:   00007fd29b5453a8 00007fd29cadf800
0x000070000ebd14b0:   00007fd29b5453b8 0000004d0e1da229
0x000070000ebd14c0:   0000000000000001 0000000207c0160c
0x000070000ebd14d0:   0000000000000000 00007fd29cadf800
0x000070000ebd14e0:   00007fd29c040ba0 0000000000000014
0x000070000ebd14f0:   00007fd29b5453b0 00007fd29b5453a8
0x000070000ebd1500:   000070000ebd1570 000000010eacb464
0x000070000ebd1510:   00007fd200000000 00007fd200000000
0x000070000ebd1520:   00007fd200000000 00007000cd186120
0x000070000ebd1530:   000070000ebd1c08 0000000000000000
0x000070000ebd1540:   00007000cd1c4b78 00007fd29cadf800
0x000070000ebd1550:   00007fd29c040ba0 00000007d1aebc20
0x000070000ebd1560:   00007fd29b5453b0 00007fd29b5453a8
0x000070000ebd1570:   000070000ebd15b0 000000010eacb895
0x000070000ebd1580:   000000010ebd15b0 00007fd29cadf800
0x000070000ebd1590:   00007fd29b5453a8 00000007d1aebc20
0x000070000ebd15a0:   00007fd29b5453a0 00007fd29c040ba0
0x000070000ebd15b0:   000070000ebd1d00 000000010e7ea042
0x000070000ebd15c0:   000000150eb591d8 0000000000000015
0x000070000ebd15d0:   000070000ebd19c0 00007fffb46609ab
0x000070000ebd15e0:   00007fd200000000 00007fd200000000
0x000070000ebd15f0:   0000700000000000 00000001cd1c5278
0x000070000ebd1600:   00007000cd1c26c0 0000000100000000
0x000070000ebd1610:   000070000ebd1650 000000010ea0060e
0x000070000ebd1620:   00007fd29cadf800 0000000111e96c80 

Instructions: (pc=0x000000010ea4be88)
0x000000010ea4be68:   5d c3 55 48 89 e5 4d 85 c0 75 05 45 31 c0 eb 03
0x000000010ea4be78:   4d 8b 00 48 8b 47 08 48 63 f6 48 8b 04 f0 eb 18
0x000000010ea4be88:   39 10 75 0c 48 39 48 10 75 06 4c 39 40 18 74 0f
0x000000010ea4be98:   48 8b 40 08 48 83 e0 fe 48 85 c0 75 e3 31 c0 5d 

Register to memory mapping:

RAX=0xff000000ff000000 is an unknown value
RBX=0x00007fd29cadf800 is a thread
RCX=0x00007fd29c040ba0 is an unknown value
RDX=0x000000005ae120b0 is an unknown value
RSP=0x000070000ebd1430 is pointing into the stack for thread: 0x00007fd29cadf800
RBP=0x000070000ebd1430 is pointing into the stack for thread: 0x00007fd29cadf800
RSI=0x00000000000001e1 is an unknown value
RDI=0x00007fd29b417530 is an unknown value
R8 =0x00000007d1aebc68 is an oop
clojure.lang.DynamicClassLoader 
 - klass: 'clojure/lang/DynamicClassLoader'
R9 =0x00007fd29b5453b0 is an unknown value
R10=0x0000000000000006 is an unknown value
R11=0x000000010eb591d8: _ZN26YieldingFlexibleGangWorkerD1Ev+0x1817e in /Library/Java/JavaVirtualMachines/jdk1.7.0_79.jdk/Contents/Home/jre/lib/server/libjvm.dylib at 0x000000010e600000
R12=0x00007fd29c040ba0 is an unknown value
R13=0x00007fd29b5453b8 is an unknown value
R14=0x00007fd29b5453b8 is an unknown value
R15=0x00007fd29b40c5b0 is an unknown value


Stack: [0x000070000ead3000,0x000070000ebd3000],  sp=0x000070000ebd1430,  free space=1017k
Native frames: (J=compiled Java code, j=interpreted, Vv=VM code, C=native code)
V  [libjvm.dylib+0x44be88]  PlaceholderTable::get_entry(int, unsigned int, Symbol*, Handle)+0x1e
V  [libjvm.dylib+0x4ca85c]  SystemDictionary::resolve_instance_class_or_null(Symbol*, Handle, Handle, Thread*)+0x192
V  [libjvm.dylib+0x4cb464]  SystemDictionary::resolve_or_null(Symbol*, Handle, Handle, Thread*)+0x104
V  [libjvm.dylib+0x4cb895]  SystemDictionary::resolve_or_fail(Symbol*, Handle, Handle, bool, Thread*)+0x31
V  [libjvm.dylib+0x1ea042]  constantPoolOopDesc::klass_at_impl(constantPoolHandle, int, Thread*)+0x1fa
V  [libjvm.dylib+0x1f2ea5]  Deoptimization::load_class_by_index(constantPoolHandle, int, Thread*)+0x51
V  [libjvm.dylib+0x1f306d]  Deoptimization::load_class_by_index(constantPoolHandle, int)+0x2b
V  [libjvm.dylib+0x1f3b54]  Deoptimization::uncommon_trap_inner(JavaThread*, int)+0x678
V  [libjvm.dylib+0x1f524e]  Deoptimization::uncommon_trap(JavaThread*, int)+0x14

Java frames: (J=compiled Java code, j=interpreted, Vv=VM code)
v  blob 0x0000000111959f39
J 1845 C2 clojure.tools.nrepl.bencode$read_bencode.invoke(Ljava/lang/Object;)Ljava/lang/Object; (7 bytes) @ 0x0000000111e9799c [0x0000000111e96c60+0xd3c]
j  clojure.tools.nrepl.transport$bencode$fn__2929$fn__2930.invoke()Ljava/lang/Object;+18
j  clojure.tools.nrepl.transport$bencode$fn__2929.invoke()Ljava/lang/Object;+18
j  clojure.tools.nrepl.transport$fn_transport$fn__2889.invoke()Ljava/lang/Object;+27
j  clojure.core$binding_conveyor_fn$fn__4676.invoke()Ljava/lang/Object;+14
j  clojure.lang.AFn.call()Ljava/lang/Object;+1
j  java.util.concurrent.FutureTask.run()V+42
j  java.util.concurrent.ThreadPoolExecutor.runWorker(Ljava/util/concurrent/ThreadPoolExecutor$Worker;)V+95
j  java.util.concurrent.ThreadPoolExecutor$Worker.run()V+5
j  java.lang.Thread.run()V+11
v  ~StubRoutines::call_stub

---------------  P R O C E S S  ---------------

Java Threads: ( => current thread )
  0x00007fd29e0d6000 JavaThread "AWT-Shutdown" [_thread_blocked, id=3755, stack(0x000070000dc23000,0x000070000dd23000)]
  0x00007fd29e0ba800 JavaThread "clojure-agent-send-pool-5" daemon [_thread_blocked, id=28447, stack(0x000070000ed5c000,0x000070000ee5c000)]
  0x00007fd29bf1a000 JavaThread "clojure-agent-send-pool-4" daemon [_thread_blocked, id=48651, stack(0x000070000f0eb000,0x000070000f1eb000)]
  0x00007fd29b8b1000 JavaThread "clojure-agent-send-pool-3" daemon [_thread_blocked, id=22279, stack(0x000070000f2f1000,0x000070000f3f1000)]
  0x00007fd29cdbe800 JavaThread "clojure-agent-send-pool-2" daemon [_thread_blocked, id=15371, stack(0x000070000f4f7000,0x000070000f5f7000)]
  0x00007fd29d6e0000 JavaThread "clojure-agent-send-pool-1" daemon [_thread_blocked, id=49155, stack(0x000070000f3f4000,0x000070000f4f4000)]
  0x00007fd29db09800 JavaThread "clojure-agent-send-pool-0" daemon [_thread_blocked, id=48131, stack(0x000070000f1ee000,0x000070000f2ee000)]
  0x00007fd29bc9e000 JavaThread "clojure-agent-send-off-pool-3" [_thread_in_native, id=47107, stack(0x000070000efe8000,0x000070000f0e8000)]
  0x00007fd29da56800 JavaThread "clojure-agent-send-off-pool-2" [_thread_blocked, id=46595, stack(0x000070000eee5000,0x000070000efe5000)]
  0x00007fd29e0a7800 JavaThread "AWT-AppKit" daemon [_thread_in_native, id=8459, stack(0x00007fff51684180,0x00007fff51ed5000)]
=>0x00007fd29cadf800 JavaThread "clojure-agent-send-off-pool-1" [_thread_in_vm, id=4619, stack(0x000070000ead3000,0x000070000ebd3000)]
  0x00007fd29d051000 JavaThread "Service Thread" daemon [_thread_blocked, id=18179, stack(0x000070000e8cd000,0x000070000e9cd000)]
  0x00007fd29d050000 JavaThread "C2 CompilerThread1" daemon [_thread_blocked, id=17667, stack(0x000070000e7ca000,0x000070000e8ca000)]
  0x00007fd29d04e800 JavaThread "C2 CompilerThread0" daemon [_thread_blocked, id=17155, stack(0x000070000e6c7000,0x000070000e7c7000)]
  0x00007fd29d04d800 JavaThread "Signal Dispatcher" daemon [_thread_blocked, id=16643, stack(0x000070000e5c4000,0x000070000e6c4000)]
  0x00007fd29b810800 JavaThread "Finalizer" daemon [_thread_blocked, id=12291, stack(0x000070000e43e000,0x000070000e53e000)]
  0x00007fd29b80f800 JavaThread "Reference Handler" daemon [_thread_blocked, id=11779, stack(0x000070000e33b000,0x000070000e43b000)]
  0x00007fd29c802000 JavaThread "main" [_thread_blocked, id=1807, stack(0x000070000dd29000,0x000070000de29000)]

Other Threads:
  0x00007fd29b80f000 VMThread [stack: 0x000070000e238000,0x000070000e338000] [id=11267]
  0x00007fd29c013800 WatcherThread [stack: 0x000070000e9d0000,0x000070000ead0000] [id=18691]

VM state:not at safepoint (normal execution)

VM Mutex/Monitor currently owned by a thread:  ([mutex/lock_event])
[0x00007fd29b40c5b0] SystemDictionary_lock - owner thread: 0x00007fd29cadf800

Heap
 PSYoungGen      total 222208K, used 4273K [0x00000007f0000000, 0x0000000800000000, 0x0000000800000000)
  eden space 180224K, 2% used [0x00000007f0000000,0x00000007f03fc788,0x00000007fb000000)
  from space 41984K, 0% used [0x00000007fd700000,0x00000007fd730000,0x0000000800000000)
  to   space 39936K, 0% used [0x00000007fb000000,0x00000007fb000000,0x00000007fd700000)
 ParOldGen       total 524288K, used 60720K [0x00000007d0000000, 0x00000007f0000000, 0x00000007f0000000)
  object space 524288K, 11% used [0x00000007d0000000,0x00000007d3b4c358,0x00000007f0000000)
 PSPermGen       total 37888K, used 37420K [0x00000007cae00000, 0x00000007cd300000, 0x00000007d0000000)
  object space 37888K, 98% used [0x00000007cae00000,0x00000007cd28b220,0x00000007cd300000)

Card table byte_map: [0x000000010f123000,0x000000010f2cd000] byte_map_base: 0x000000010b2cc000

Polling page: 0x000000010dde4000

Code Cache  [0x0000000111921000, 0x0000000111ef1000, 0x0000000114921000)
 total_blobs=2113 nmethods=1791 adapters=275 free_code_cache=43315Kb largest_free_block=44256064

Compilation events (10 events):
Event: 2159.237 Thread 0x00007fd29d04e800 1999             clojure.core$find_ns::invokeStatic (10 bytes)
Event: 2159.239 Thread 0x00007fd29d04e800 nmethod 1999 0x0000000111cbff90 code [0x0000000111cc00e0, 0x0000000111cc01a8]
Event: 2184.130 Thread 0x00007fd29d050000 2000             clojure.walk$keywordize_keys$f__7818::invoke (71 bytes)
Event: 2184.145 Thread 0x00007fd29d050000 nmethod 2000 0x0000000111cb67d0 code [0x0000000111cb69e0, 0x0000000111cb7108]
Event: 2444.986 Thread 0x00007fd29d04e800 2001             clojure.core$contains_QMARK_::invoke (10 bytes)
Event: 2444.988 Thread 0x00007fd29d04e800 nmethod 2001 0x0000000111cb7fd0 code [0x0000000111cb8120, 0x0000000111cb81a8]
Event: 2502.498 Thread 0x00007fd29d050000 2002             clojure.tools.nrepl.bencode$read_map$fn__2455::invoke (53 bytes)
Event: 2502.590 Thread 0x00007fd29d050000 nmethod 2002 0x0000000111cb8490 code [0x0000000111cb86a0, 0x0000000111cb8e68]
Event: 3008.832 Thread 0x00007fd29d04e800 2003             clojure.lang.LispReader::isWhitespace (19 bytes)
Event: 3008.911 Thread 0x00007fd29d04e800 nmethod 2003 0x0000000111cbfad0 code [0x0000000111cbfc20, 0x0000000111cbfdb8]

GC Heap History (10 events):
Event: 1775.798 GC heap before
{Heap before GC invocations=26 (full 0):
 PSYoungGen      total 207872K, used 155296K [0x00000007f0000000, 0x0000000800000000, 0x0000000800000000)
  eden space 155136K, 100% used [0x00000007f0000000,0x00000007f9780000,0x00000007f9780000)
  from space 52736K, 0% used [0x00000007f9780000,0x00000007f97a8000,0x00000007fcb00000)
  to   space 50688K, 0% used [0x00000007fce80000,0x00000007fce80000,0x0000000800000000)
 ParOldGen       total 524288K, used 60540K [0x00000007d0000000, 0x00000007f0000000, 0x00000007f0000000)
  object space 524288K, 11% used [0x00000007d0000000,0x00000007d3b1f168,0x00000007f0000000)
 PSPermGen       total 37376K, used 37303K [0x00000007cae00000, 0x00000007cd280000, 0x00000007d0000000)
  object space 37376K, 99% used [0x00000007cae00000,0x00000007cd26de48,0x00000007cd280000)
Event: 1775.804 GC heap after
Heap after GC invocations=26 (full 0):
 PSYoungGen      total 213504K, used 160K [0x00000007f0000000, 0x0000000800000000, 0x0000000800000000)
  eden space 162816K, 0% used [0x00000007f0000000,0x00000007f0000000,0x00000007f9f00000)
  from space 50688K, 0% used [0x00000007fce80000,0x00000007fcea8000,0x0000000800000000)
  to   space 48640K, 0% used [0x00000007f9f00000,0x00000007f9f00000,0x00000007fce80000)
 ParOldGen       total 524288K, used 60564K [0x00000007d0000000, 0x00000007f0000000, 0x00000007f0000000)
  object space 524288K, 11% used [0x00000007d0000000,0x00000007d3b25168,0x00000007f0000000)
 PSPermGen       total 37376K, used 37303K [0x00000007cae00000, 0x00000007cd280000, 0x00000007d0000000)
  object space 37376K, 99% used [0x00000007cae00000,0x00000007cd26de48,0x00000007cd280000)
}
Event: 1901.362 GC heap before
{Heap before GC invocations=27 (full 0):
 PSYoungGen      total 213504K, used 162976K [0x00000007f0000000, 0x0000000800000000, 0x0000000800000000)
  eden space 162816K, 100% used [0x00000007f0000000,0x00000007f9f00000,0x00000007f9f00000)
  from space 50688K, 0% used [0x00000007fce80000,0x00000007fcea8000,0x0000000800000000)
  to   space 48640K, 0% used [0x00000007f9f00000,0x00000007f9f00000,0x00000007fce80000)
 ParOldGen       total 524288K, used 60564K [0x00000007d0000000, 0x00000007f0000000, 0x00000007f0000000)
  object space 524288K, 11% used [0x00000007d0000000,0x00000007d3b25168,0x00000007f0000000)
 PSPermGen       total 37376K, used 37321K [0x00000007cae00000, 0x00000007cd280000, 0x00000007d0000000)
  object space 37376K, 99% used [0x00000007cae00000,0x00000007cd2726d0,0x00000007cd280000)
Event: 1901.385 GC heap after
Heap after GC invocations=27 (full 0):
 PSYoungGen      total 211456K, used 160K [0x00000007f0000000, 0x0000000800000000, 0x0000000800000000)
  eden space 162816K, 0% used [0x00000007f0000000,0x00000007f0000000,0x00000007f9f00000)
  from space 48640K, 0% used [0x00000007f9f00000,0x00000007f9f28000,0x00000007fce80000)
  to   space 46592K, 0% used [0x00000007fd280000,0x00000007fd280000,0x0000000800000000)
 ParOldGen       total 524288K, used 60604K [0x00000007d0000000, 0x00000007f0000000, 0x00000007f0000000)
  object space 524288K, 11% used [0x00000007d0000000,0x00000007d3b2f168,0x00000007f0000000)
 PSPermGen       total 37376K, used 37321K [0x00000007cae00000, 0x00000007cd280000, 0x00000007d0000000)
  object space 37376K, 99% used [0x00000007cae00000,0x00000007cd2726d0,0x00000007cd280000)
}
Event: 1911.046 GC heap before
{Heap before GC invocations=28 (full 0):
 PSYoungGen      total 211456K, used 162976K [0x00000007f0000000, 0x0000000800000000, 0x0000000800000000)
  eden space 162816K, 100% used [0x00000007f0000000,0x00000007f9f00000,0x00000007f9f00000)
  from space 48640K, 0% used [0x00000007f9f00000,0x00000007f9f28000,0x00000007fce80000)
  to   space 46592K, 0% used [0x00000007fd280000,0x00000007fd280000,0x0000000800000000)
 ParOldGen       total 524288K, used 60604K [0x00000007d0000000, 0x00000007f0000000, 0x00000007f0000000)
  object space 524288K, 11% used [0x00000007d0000000,0x00000007d3b2f168,0x00000007f0000000)
 PSPermGen       total 37376K, used 37325K [0x00000007cae00000, 0x00000007cd280000, 0x00000007d0000000)
  object space 37376K, 99% used [0x00000007cae00000,0x00000007cd2736c8,0x00000007cd280000)
Event: 1911.050 GC heap after
Heap after GC invocations=28 (full 0):
 PSYoungGen      total 217600K, used 96K [0x00000007f0000000, 0x0000000800000000, 0x0000000800000000)
  eden space 171008K, 0% used [0x00000007f0000000,0x00000007f0000000,0x00000007fa700000)
  from space 46592K, 0% used [0x00000007fd280000,0x00000007fd298000,0x0000000800000000)
  to   space 44544K, 0% used [0x00000007fa700000,0x00000007fa700000,0x00000007fd280000)
 ParOldGen       total 524288K, used 60664K [0x00000007d0000000, 0x00000007f0000000, 0x00000007f0000000)
  object space 524288K, 11% used [0x00000007d0000000,0x00000007d3b3e358,0x00000007f0000000)
 PSPermGen       total 37376K, used 37325K [0x00000007cae00000, 0x00000007cd280000, 0x00000007d0000000)
  object space 37376K, 99% used [0x00000007cae00000,0x00000007cd2736c8,0x00000007cd280000)
}
Event: 2050.482 GC heap before
{Heap before GC invocations=29 (full 0):
 PSYoungGen      total 217600K, used 171104K [0x00000007f0000000, 0x0000000800000000, 0x0000000800000000)
  eden space 171008K, 100% used [0x00000007f0000000,0x00000007fa700000,0x00000007fa700000)
  from space 46592K, 0% used [0x00000007fd280000,0x00000007fd298000,0x0000000800000000)
  to   space 44544K, 0% used [0x00000007fa700000,0x00000007fa700000,0x00000007fd280000)
 ParOldGen       total 524288K, used 60664K [0x00000007d0000000, 0x00000007f0000000, 0x00000007f0000000)
  object space 524288K, 11% used [0x00000007d0000000,0x00000007d3b3e358,0x00000007f0000000)
 PSPermGen       total 37376K, used 37343K [0x00000007cae00000, 0x00000007cd280000, 0x00000007d0000000)
  object space 37376K, 99% used [0x00000007cae00000,0x00000007cd277c50,0x00000007cd280000)
Event: 2050.517 GC heap after
Heap after GC invocations=29 (full 0):
 PSYoungGen      total 215552K, used 160K [0x00000007f0000000, 0x0000000800000000, 0x0000000800000000)
  eden space 171008K, 0% used [0x00000007f0000000,0x00000007f0000000,0x00000007fa700000)
  from space 44544K, 0% used [0x00000007fa700000,0x00000007fa728000,0x00000007fd280000)
  to   space 41984K, 0% used [0x00000007fd700000,0x00000007fd700000,0x0000000800000000)
 ParOldGen       total 524288K, used 60688K [0x00000007d0000000, 0x00000007f0000000, 0x00000007f0000000)
  object space 524288K, 11% used [0x00000007d0000000,0x00000007d3b44358,0x00000007f0000000)
 PSPermGen       total 37376K, used 37343K [0x00000007cae00000, 0x00000007cd280000, 0x00000007d0000000)
  object space 37376K, 99% used [0x00000007cae00000,0x00000007cd277c50,0x00000007cd280000)
}
Event: 7181.495 GC heap before
{Heap before GC invocations=30 (full 0):
 PSYoungGen      total 215552K, used 171168K [0x00000007f0000000, 0x0000000800000000, 0x0000000800000000)
  eden space 171008K, 100% used [0x00000007f0000000,0x00000007fa700000,0x00000007fa700000)
  from space 44544K, 0% used [0x00000007fa700000,0x00000007fa728000,0x00000007fd280000)
  to   space 41984K, 0% used [0x00000007fd700000,0x00000007fd700000,0x0000000800000000)
 ParOldGen       total 524288K, used 60688K [0x00000007d0000000, 0x00000007f0000000, 0x00000007f0000000)
  object space 524288K, 11% used [0x00000007d0000000,0x00000007d3b44358,0x00000007f0000000)
 PSPermGen       total 37888K, used 37420K [0x00000007cae00000, 0x00000007cd300000, 0x00000007d0000000)
  object space 37888K, 98% used [0x00000007cae00000,0x00000007cd28b220,0x00000007cd300000)
Event: 7182.031 GC heap after
Heap after GC invocations=30 (full 0):
 PSYoungGen      total 222208K, used 192K [0x00000007f0000000, 0x0000000800000000, 0x0000000800000000)
  eden space 180224K, 0% used [0x00000007f0000000,0x00000007f0000000,0x00000007fb000000)
  from space 41984K, 0% used [0x00000007fd700000,0x00000007fd730000,0x0000000800000000)
  to   space 39936K, 0% used [0x00000007fb000000,0x00000007fb000000,0x00000007fd700000)
 ParOldGen       total 524288K, used 60720K [0x00000007d0000000, 0x00000007f0000000, 0x00000007f0000000)
  object space 524288K, 11% used [0x00000007d0000000,0x00000007d3b4c358,0x00000007f0000000)
 PSPermGen       total 37888K, used 37420K [0x00000007cae00000, 0x00000007cd300000, 0x00000007d0000000)
  object space 37888K, 98% used [0x00000007cae00000,0x00000007cd28b220,0x00000007cd300000)
}

Deoptimization events (10 events):
Event: 2132.764 Thread 0x00007fd29d6e0000 Uncommon trap: reason=class_check action=maybe_recompile pc=0x0000000111dda538 method=clojure.lang.APersistentMap$ValSeq.next()Lclojure/lang/ISeq; @ 4
Event: 2132.764 Thread 0x00007fd29d6e0000 Uncommon trap: reason=class_check action=maybe_recompile pc=0x0000000111dda01c method=clojure.lang.APersistentMap$ValSeq.first()Ljava/lang/Object; @ 4
Event: 2132.764 Thread 0x00007fd29d6e0000 Uncommon trap: reason=class_check action=maybe_recompile pc=0x0000000111dda538 method=clojure.lang.APersistentMap$ValSeq.next()Lclojure/lang/ISeq; @ 4
Event: 2132.764 Thread 0x00007fd29d6e0000 Uncommon trap: reason=class_check action=maybe_recompile pc=0x0000000111dda01c method=clojure.lang.APersistentMap$ValSeq.first()Ljava/lang/Object; @ 4
Event: 2132.764 Thread 0x00007fd29d6e0000 Uncommon trap: reason=class_check action=maybe_recompile pc=0x0000000111dda538 method=clojure.lang.APersistentMap$ValSeq.next()Lclojure/lang/ISeq; @ 4
Event: 2261.088 Thread 0x00007fd29c84a000 Uncommon trap: reason=bimorphic action=maybe_recompile pc=0x0000000111bce6e0 method=clojure.lang.Compiler$MapExpr.parse(Lclojure/lang/Compiler$C;Lclojure/lang/IPersistentMap;)Lclojure/lang/Compiler$Expr; @ 30
Event: 2261.091 Thread 0x00007fd29c84a000 Uncommon trap: reason=bimorphic action=maybe_recompile pc=0x0000000111b82d28 method=clojure.lang.Compiler$ObjExpr.emitValue(Ljava/lang/Object;Lclojure/asm/commons/GeneratorAdapter;)V @ 948
Event: 2659.903 Thread 0x00007fd29d42f800 Uncommon trap: reason=unreached action=reinterpret pc=0x0000000111cd9f78 method=clojure.core$pr_on.invokeStatic(Ljava/lang/Object;Ljava/lang/Object;)Ljava/lang/Object; @ 13
Event: 3161.860 Thread 0x00007fd29ce5b800 Uncommon trap: reason=unreached action=reinterpret pc=0x0000000111e8fccc method=clojure.core$merge$fn__4877.invoke(Ljava/lang/Object;Ljava/lang/Object;)Ljava/lang/Object; @ 6
Event: 8719.919 Thread 0x00007fd29cadf800 Uncommon trap: reason=unloaded action=reinterpret pc=0x0000000111e9799c method=clojure.tools.nrepl.bencode$read_byte.invokeStatic(Ljava/lang/Object;)J @ 17

Internal exceptions (10 events):
Event: 3161.850 Thread 0x00007fd29ce5b800 Threw 0x00000007f9f2c858 at /HUDSON/workspace/7u-2-build-macosx-x86_64/jdk7u79/2331/hotspot/src/share/vm/prims/jvm.cpp:1304
Event: 3161.850 Thread 0x00007fd29ce5b800 Threw 0x00000007f9f2cf58 at /HUDSON/workspace/7u-2-build-macosx-x86_64/jdk7u79/2331/hotspot/src/share/vm/prims/jvm.cpp:1304
Event: 3161.850 Thread 0x00007fd29ce5b800 Threw 0x00000007f9f2d658 at /HUDSON/workspace/7u-2-build-macosx-x86_64/jdk7u79/2331/hotspot/src/share/vm/prims/jvm.cpp:1304
Event: 3161.850 Thread 0x00007fd29ce5b800 Threw 0x00000007f9f2dd58 at /HUDSON/workspace/7u-2-build-macosx-x86_64/jdk7u79/2331/hotspot/src/share/vm/prims/jvm.cpp:1304
Event: 3161.850 Thread 0x00007fd29ce5b800 Threw 0x00000007f9f2f208 at /HUDSON/workspace/7u-2-build-macosx-x86_64/jdk7u79/2331/hotspot/src/share/vm/prims/jvm.cpp:1304
Event: 3161.851 Thread 0x00007fd29ce5b800 Threw 0x00000007f9f35c78 at /HUDSON/workspace/7u-2-build-macosx-x86_64/jdk7u79/2331/hotspot/src/share/vm/prims/jvm.cpp:1304
Event: 3161.851 Thread 0x00007fd29ce5b800 Threw 0x00000007f9f36378 at /HUDSON/workspace/7u-2-build-macosx-x86_64/jdk7u79/2331/hotspot/src/share/vm/prims/jvm.cpp:1304
Event: 3161.851 Thread 0x00007fd29ce5b800 Threw 0x00000007f9f36a78 at /HUDSON/workspace/7u-2-build-macosx-x86_64/jdk7u79/2331/hotspot/src/share/vm/prims/jvm.cpp:1304
Event: 3161.851 Thread 0x00007fd29ce5b800 Threw 0x00000007f9f37178 at /HUDSON/workspace/7u-2-build-macosx-x86_64/jdk7u79/2331/hotspot/src/share/vm/prims/jvm.cpp:1304
Event: 3161.858 Thread 0x00007fd29ce5b800 Implicit null exception at 0x0000000111e8fc0f to 0x0000000111e8fcb2

Events (10 events):
Event: 7788.691 Thread 0x00007fd29e4b0800 Thread exited: 0x00007fd29e4b0800
Event: 7793.322 Thread 0x00007fd29c84a000 Thread added: 0x00007fd29c84a000
Event: 7794.484 Executing VM operation: RevokeBias
Event: 7794.521 Executing VM operation: RevokeBias done
Event: 7794.521 Thread 0x00007fd29c84a000 Thread exited: 0x00007fd29c84a000
Event: 8026.405 Thread 0x00007fd29d576800 Thread added: 0x00007fd29d576800
Event: 8027.429 Executing VM operation: RevokeBias
Event: 8027.518 Executing VM operation: RevokeBias done
Event: 8027.518 Thread 0x00007fd29d576800 Thread exited: 0x00007fd29d576800
Event: 8719.242 Thread 0x00007fd29cadf800 Uncommon trap: trap_request=0x00000015 fr.pc=0x0000000111e9799c


Dynamic libraries:
0x000000002a1b2000 	/System/Library/Frameworks/Cocoa.framework/Versions/A/Cocoa
0x000000002a1b2000 	/System/Library/Frameworks/Security.framework/Versions/A/Security
0x000000002a1b2000 	/System/Library/Frameworks/ApplicationServices.framework/Versions/A/ApplicationServices
0x000000002a1b2000 	/usr/lib/libz.1.dylib
0x000000002a1b2000 	/usr/lib/libSystem.B.dylib
0x000000002a1b2000 	/usr/lib/libobjc.A.dylib
0x000000002a1b2000 	/System/Library/Frameworks/CoreFoundation.framework/Versions/A/CoreFoundation
0x000000002a1b2000 	/System/Library/Frameworks/Foundation.framework/Versions/C/Foundation
0x000000002a1b2000 	/System/Library/Frameworks/AppKit.framework/Versions/C/AppKit
0x000000002a1b2000 	/System/Library/Frameworks/CoreData.framework/Versions/A/CoreData
0x000000002a1b2000 	/System/Library/PrivateFrameworks/RemoteViewServices.framework/Versions/A/RemoteViewServices
0x000000002a1b2000 	/System/Library/PrivateFrameworks/UIFoundation.framework/Versions/A/UIFoundation
0x000000002a1b2000 	/usr/lib/libenergytrace.dylib
0x000000002a1b2000 	/System/Library/PrivateFrameworks/SkyLight.framework/Versions/A/SkyLight
0x000000002a1b2000 	/System/Library/Frameworks/CoreGraphics.framework/Versions/A/CoreGraphics
0x000000002a1b2000 	/usr/lib/libScreenReader.dylib
0x000000002a1b2000 	/System/Library/Frameworks/Accelerate.framework/Versions/A/Accelerate
0x000000002a1b2000 	/System/Library/Frameworks/IOSurface.framework/Versions/A/IOSurface
0x000000002a1b2000 	/System/Library/Frameworks/AudioToolbox.framework/Versions/A/AudioToolbox
0x000000002a1b2000 	/System/Library/Frameworks/AudioUnit.framework/Versions/A/AudioUnit
0x000000002a1b2000 	/System/Library/PrivateFrameworks/DataDetectorsCore.framework/Versions/A/DataDetectorsCore
0x000000002a1b2000 	/System/Library/PrivateFrameworks/DesktopServicesPriv.framework/Versions/A/DesktopServicesPriv
0x000000002a1b2000 	/System/Library/Frameworks/Carbon.framework/Versions/A/Frameworks/HIToolbox.framework/Versions/A/HIToolbox
0x000000002a1b2000 	/usr/lib/libicucore.A.dylib
0x000000002a1b2000 	/System/Library/Frameworks/QuartzCore.framework/Versions/A/QuartzCore
0x000000002a1b2000 	/System/Library/Frameworks/Carbon.framework/Versions/A/Frameworks/SpeechRecognition.framework/Versions/A/SpeechRecognition
0x000000002a1b2000 	/usr/lib/libauto.dylib
0x000000002a1b2000 	/usr/lib/libxml2.2.dylib
0x000000002a1b2000 	/System/Library/PrivateFrameworks/CoreUI.framework/Versions/A/CoreUI
0x000000002a1b2000 	/System/Library/Frameworks/CoreAudio.framework/Versions/A/CoreAudio
0x000000002a1b2000 	/System/Library/Frameworks/DiskArbitration.framework/Versions/A/DiskArbitration
0x000000002a1b2000 	/usr/lib/liblangid.dylib
0x000000002a1b2000 	/System/Library/PrivateFrameworks/MultitouchSupport.framework/Versions/A/MultitouchSupport
0x000000002a1b2000 	/System/Library/Frameworks/IOKit.framework/Versions/A/IOKit
0x000000002a1b2000 	/usr/lib/libDiagnosticMessagesClient.dylib
0x000000002a1b2000 	/System/Library/Frameworks/CoreServices.framework/Versions/A/CoreServices
0x000000002a1b2000 	/System/Library/PrivateFrameworks/PerformanceAnalysis.framework/Versions/A/PerformanceAnalysis
0x000000002a1b2000 	/System/Library/PrivateFrameworks/GenerationalStorage.framework/Versions/A/GenerationalStorage
0x000000002a1b2000 	/System/Library/Frameworks/OpenGL.framework/Versions/A/OpenGL
0x000000002a1b2000 	/System/Library/Frameworks/CoreImage.framework/Versions/A/CoreImage
0x000000002a1b2000 	/System/Library/Frameworks/CoreText.framework/Versions/A/CoreText
0x000000002a1b2000 	/System/Library/Frameworks/ImageIO.framework/Versions/A/ImageIO
0x000000002a1b2000 	/System/Library/PrivateFrameworks/Backup.framework/Versions/A/Backup
0x000000002a1b2000 	/usr/lib/libarchive.2.dylib
0x000000002a1b2000 	/System/Library/Frameworks/CFNetwork.framework/Versions/A/CFNetwork
0x000000002a1b2000 	/System/Library/Frameworks/SystemConfiguration.framework/Versions/A/SystemConfiguration
0x000000002a1b2000 	/usr/lib/libCRFSuite.dylib
0x000000002a1b2000 	/usr/lib/libc++.1.dylib
0x000000002a1b2000 	/usr/lib/libc++abi.dylib
0x000000002a1b2000 	/usr/lib/system/libcache.dylib
0x000000002a1b2000 	/usr/lib/system/libcommonCrypto.dylib
0x000000002a1b2000 	/usr/lib/system/libcompiler_rt.dylib
0x000000002a1b2000 	/usr/lib/system/libcopyfile.dylib
0x000000002a1b2000 	/usr/lib/system/libcorecrypto.dylib
0x000000002a1b2000 	/usr/lib/system/libdispatch.dylib
0x000000002a1b2000 	/usr/lib/system/libdyld.dylib
0x000000002a1b2000 	/usr/lib/system/libkeymgr.dylib
0x000000002a1b2000 	/usr/lib/system/liblaunch.dylib
0x000000002a1b2000 	/usr/lib/system/libmacho.dylib
0x000000002a1b2000 	/usr/lib/system/libquarantine.dylib
0x000000002a1b2000 	/usr/lib/system/libremovefile.dylib
0x000000002a1b2000 	/usr/lib/system/libsystem_asl.dylib
0x000000002a1b2000 	/usr/lib/system/libsystem_blocks.dylib
0x000000002a1b2000 	/usr/lib/system/libsystem_c.dylib
0x000000002a1b2000 	/usr/lib/system/libsystem_configuration.dylib
0x000000002a1b2000 	/usr/lib/system/libsystem_coreservices.dylib
0x000000002a1b2000 	/usr/lib/system/libsystem_coretls.dylib
0x000000002a1b2000 	/usr/lib/system/libsystem_dnssd.dylib
0x000000002a1b2000 	/usr/lib/system/libsystem_info.dylib
0x000000002a1b2000 	/usr/lib/system/libsystem_kernel.dylib
0x000000002a1b2000 	/usr/lib/system/libsystem_m.dylib
0x000000002a1b2000 	/usr/lib/system/libsystem_malloc.dylib
0x000000002a1b2000 	/usr/lib/system/libsystem_network.dylib
0x000000002a1b2000 	/usr/lib/system/libsystem_networkextension.dylib
0x000000002a1b2000 	/usr/lib/system/libsystem_notify.dylib
0x000000002a1b2000 	/usr/lib/system/libsystem_platform.dylib
0x000000002a1b2000 	/usr/lib/system/libsystem_pthread.dylib
0x000000002a1b2000 	/usr/lib/system/libsystem_sandbox.dylib
0x000000002a1b2000 	/usr/lib/system/libsystem_secinit.dylib
0x000000002a1b2000 	/usr/lib/system/libsystem_symptoms.dylib
0x000000002a1b2000 	/usr/lib/system/libsystem_trace.dylib
0x000000002a1b2000 	/usr/lib/system/libunwind.dylib
0x000000002a1b2000 	/usr/lib/system/libxpc.dylib
0x000000002a1b2000 	/usr/lib/libbsm.0.dylib
0x000000002a1b2000 	/usr/lib/system/libkxld.dylib
0x000000002a1b2000 	/usr/lib/libcoretls.dylib
0x000000002a1b2000 	/usr/lib/libcoretls_cfhelpers.dylib
0x000000002a1b2000 	/usr/lib/libxar.1.dylib
0x000000002a1b2000 	/usr/lib/libsqlite3.dylib
0x000000002a1b2000 	/usr/lib/libpam.2.dylib
0x000000002a1b2000 	/usr/lib/libOpenScriptingUtil.dylib
0x000000002a1b2000 	/usr/lib/libbz2.1.0.dylib
0x000000002a1b2000 	/usr/lib/liblzma.5.dylib
0x000000002a1b2000 	/usr/lib/libnetwork.dylib
0x000000002a1b2000 	/usr/lib/libpcap.A.dylib
0x000000002a1b2000 	/System/Library/Frameworks/CoreServices.framework/Versions/A/Frameworks/FSEvents.framework/Versions/A/FSEvents
0x000000002a1b2000 	/System/Library/Frameworks/CoreServices.framework/Versions/A/Frameworks/CarbonCore.framework/Versions/A/CarbonCore
0x000000002a1b2000 	/System/Library/Frameworks/CoreServices.framework/Versions/A/Frameworks/Metadata.framework/Versions/A/Metadata
0x000000002a1b2000 	/System/Library/Frameworks/CoreServices.framework/Versions/A/Frameworks/OSServices.framework/Versions/A/OSServices
0x000000002a1b2000 	/System/Library/Frameworks/CoreServices.framework/Versions/A/Frameworks/SearchKit.framework/Versions/A/SearchKit
0x000000002a1b2000 	/System/Library/Frameworks/CoreServices.framework/Versions/A/Frameworks/AE.framework/Versions/A/AE
0x000000002a1b2000 	/System/Library/Frameworks/CoreServices.framework/Versions/A/Frameworks/LaunchServices.framework/Versions/A/LaunchServices
0x000000002a1b2000 	/System/Library/Frameworks/CoreServices.framework/Versions/A/Frameworks/DictionaryServices.framework/Versions/A/DictionaryServices
0x000000002a1b2000 	/System/Library/Frameworks/CoreServices.framework/Versions/A/Frameworks/SharedFileList.framework/Versions/A/SharedFileList
0x000000002a1b2000 	/System/Library/Frameworks/NetFS.framework/Versions/A/NetFS
0x000000002a1b2000 	/System/Library/PrivateFrameworks/NetAuth.framework/Versions/A/NetAuth
0x000000002a1b2000 	/System/Library/PrivateFrameworks/login.framework/Versions/A/Frameworks/loginsupport.framework/Versions/A/loginsupport
0x000000002a1b2000 	/System/Library/PrivateFrameworks/TCC.framework/Versions/A/TCC
0x000000002a1b2000 	/usr/lib/libmecabra.dylib
0x000000002a1b2000 	/System/Library/Frameworks/ApplicationServices.framework/Versions/A/Frameworks/ATS.framework/Versions/A/ATS
0x000000002a1b2000 	/System/Library/Frameworks/ApplicationServices.framework/Versions/A/Frameworks/ColorSync.framework/Versions/A/ColorSync
0x000000002a1b2000 	/System/Library/Frameworks/ApplicationServices.framework/Versions/A/Frameworks/HIServices.framework/Versions/A/HIServices
0x000000002a1b2000 	/System/Library/Frameworks/ApplicationServices.framework/Versions/A/Frameworks/LangAnalysis.framework/Versions/A/LangAnalysis
0x000000002a1b2000 	/System/Library/Frameworks/ApplicationServices.framework/Versions/A/Frameworks/PrintCore.framework/Versions/A/PrintCore
0x000000002a1b2000 	/System/Library/Frameworks/ApplicationServices.framework/Versions/A/Frameworks/QD.framework/Versions/A/QD
0x000000002a1b2000 	/System/Library/Frameworks/ApplicationServices.framework/Versions/A/Frameworks/SpeechSynthesis.framework/Versions/A/SpeechSynthesis
0x000000002a1b2000 	/System/Library/Frameworks/Accelerate.framework/Versions/A/Frameworks/vImage.framework/Versions/A/vImage
0x000000002a1b2000 	/System/Library/Frameworks/Accelerate.framework/Versions/A/Frameworks/vecLib.framework/Versions/A/vecLib
0x000000002a1b2000 	/System/Library/Frameworks/Accelerate.framework/Versions/A/Frameworks/vecLib.framework/Versions/A/libvDSP.dylib
0x000000002a1b2000 	/System/Library/Frameworks/Accelerate.framework/Versions/A/Frameworks/vecLib.framework/Versions/A/libBNNS.dylib
0x000000002a1b2000 	/System/Library/Frameworks/Accelerate.framework/Versions/A/Frameworks/vecLib.framework/Versions/A/libQuadrature.dylib
0x000000002a1b2000 	/System/Library/Frameworks/Accelerate.framework/Versions/A/Frameworks/vecLib.framework/Versions/A/libvMisc.dylib
0x000000002a1b2000 	/System/Library/Frameworks/Accelerate.framework/Versions/A/Frameworks/vecLib.framework/Versions/A/libLAPACK.dylib
0x000000002a1b2000 	/System/Library/Frameworks/Accelerate.framework/Versions/A/Frameworks/vecLib.framework/Versions/A/libBLAS.dylib
0x000000002a1b2000 	/System/Library/Frameworks/Accelerate.framework/Versions/A/Frameworks/vecLib.framework/Versions/A/libLinearAlgebra.dylib
0x000000002a1b2000 	/System/Library/Frameworks/Accelerate.framework/Versions/A/Frameworks/vecLib.framework/Versions/A/libSparseBLAS.dylib
0x000000002a1b2000 	/System/Library/Frameworks/ApplicationServices.framework/Versions/A/Frameworks/ATS.framework/Versions/A/Resources/libFontParser.dylib
0x000000002a1b2000 	/System/Library/Frameworks/ApplicationServices.framework/Versions/A/Frameworks/ATS.framework/Versions/A/Resources/libFontRegistry.dylib
0x000000002a1b2000 	/System/Library/Frameworks/ImageIO.framework/Versions/A/Resources/libJPEG.dylib
0x000000002a1b2000 	/System/Library/Frameworks/ImageIO.framework/Versions/A/Resources/libTIFF.dylib
0x000000002a1b2000 	/System/Library/Frameworks/ImageIO.framework/Versions/A/Resources/libPng.dylib
0x000000002a1b2000 	/System/Library/Frameworks/ImageIO.framework/Versions/A/Resources/libGIF.dylib
0x000000002a1b2000 	/System/Library/Frameworks/ImageIO.framework/Versions/A/Resources/libJP2.dylib
0x000000002a1b2000 	/System/Library/Frameworks/ImageIO.framework/Versions/A/Resources/libRadiance.dylib
0x000000002a1b2000 	/usr/lib/libcompression.dylib
0x000000002a1b2000 	/System/Library/PrivateFrameworks/AppleJPEG.framework/Versions/A/AppleJPEG
0x000000002a1b2000 	/usr/lib/libcups.2.dylib
0x000000002a1b2000 	/System/Library/Frameworks/Kerberos.framework/Versions/A/Kerberos
0x000000002a1b2000 	/System/Library/Frameworks/GSS.framework/Versions/A/GSS
0x000000002a1b2000 	/usr/lib/libresolv.9.dylib
0x000000002a1b2000 	/usr/lib/libiconv.2.dylib
0x000000002a1b2000 	/System/Library/PrivateFrameworks/Heimdal.framework/Versions/A/Heimdal
0x000000002a1b2000 	/usr/lib/libheimdal-asn1.dylib
0x000000002a1b2000 	/System/Library/Frameworks/OpenDirectory.framework/Versions/A/OpenDirectory
0x000000002a1b2000 	/System/Library/PrivateFrameworks/CommonAuth.framework/Versions/A/CommonAuth
0x000000002a1b2000 	/System/Library/Frameworks/OpenDirectory.framework/Versions/A/Frameworks/CFOpenDirectory.framework/Versions/A/CFOpenDirectory
0x000000002a1b2000 	/System/Library/Frameworks/SecurityFoundation.framework/Versions/A/SecurityFoundation
0x000000002a1b2000 	/System/Library/PrivateFrameworks/LanguageModeling.framework/Versions/A/LanguageModeling
0x000000002a1b2000 	/usr/lib/libmarisa.dylib
0x000000002a1b2000 	/usr/lib/libChineseTokenizer.dylib
0x000000002a1b2000 	/usr/lib/libcmph.dylib
0x000000002a1b2000 	/System/Library/PrivateFrameworks/CoreEmoji.framework/Versions/A/CoreEmoji
0x000000002a1b2000 	/System/Library/Frameworks/ServiceManagement.framework/Versions/A/ServiceManagement
0x000000002a1b2000 	/usr/lib/libxslt.1.dylib
0x000000002a1b2000 	/System/Library/Frameworks/Carbon.framework/Versions/A/Frameworks/Ink.framework/Versions/A/Ink
0x000000002a1b2000 	/System/Library/PrivateFrameworks/TextureIO.framework/Versions/A/TextureIO
0x000000002a1b2000 	/System/Library/Frameworks/Metal.framework/Versions/A/Metal
0x000000002a1b2000 	/usr/lib/libate.dylib
0x000000002a1b2000 	/System/Library/PrivateFrameworks/GPUCompiler.framework/libmetal_timestamp.dylib
0x000000002a1b2000 	/System/Library/Frameworks/OpenGL.framework/Versions/A/Libraries/libCoreFSCache.dylib
0x000000002a1b2000 	/System/Library/PrivateFrameworks/IOAccelerator.framework/Versions/A/IOAccelerator
0x000000002a1b2000 	/System/Library/Frameworks/CoreVideo.framework/Versions/A/CoreVideo
0x000000002a1b2000 	/usr/lib/libFosl_dynamic.dylib
0x000000002a1b2000 	/System/Library/PrivateFrameworks/MetalPerformanceShaders.framework/Versions/A/MetalPerformanceShaders
0x000000002a1b2000 	/System/Library/PrivateFrameworks/FaceCore.framework/Versions/A/FaceCore
0x000000002a1b2000 	/System/Library/Frameworks/OpenCL.framework/Versions/A/OpenCL
0x000000002a1b2000 	/System/Library/Frameworks/OpenGL.framework/Versions/A/Libraries/libGLU.dylib
0x000000002a1b2000 	/System/Library/Frameworks/OpenGL.framework/Versions/A/Libraries/libGFXShared.dylib
0x000000002a1b2000 	/System/Library/Frameworks/OpenGL.framework/Versions/A/Libraries/libGL.dylib
0x000000002a1b2000 	/System/Library/Frameworks/OpenGL.framework/Versions/A/Libraries/libGLImage.dylib
0x000000002a1b2000 	/System/Library/Frameworks/OpenGL.framework/Versions/A/Libraries/libCVMSPluginSupport.dylib
0x000000002a1b2000 	/System/Library/Frameworks/OpenGL.framework/Versions/A/Libraries/libCoreVMClient.dylib
0x000000002a1b2000 	/System/Library/PrivateFrameworks/CrashReporterSupport.framework/Versions/A/CrashReporterSupport
0x000000002a1b2000 	/System/Library/PrivateFrameworks/Sharing.framework/Versions/A/Sharing
0x000000002a1b2000 	/System/Library/PrivateFrameworks/IconServices.framework/Versions/A/IconServices
0x000000002a1b2000 	/System/Library/PrivateFrameworks/ProtocolBuffer.framework/Versions/A/ProtocolBuffer
0x000000002a1b2000 	/System/Library/PrivateFrameworks/Apple80211.framework/Versions/A/Apple80211
0x000000002a1b2000 	/System/Library/Frameworks/CoreWLAN.framework/Versions/A/CoreWLAN
0x000000002a1b2000 	/System/Library/PrivateFrameworks/CoreUtils.framework/Versions/A/CoreUtils
0x000000002a1b2000 	/System/Library/Frameworks/IOBluetooth.framework/Versions/A/IOBluetooth
0x000000002a1b2000 	/System/Library/PrivateFrameworks/CoreWiFi.framework/Versions/A/CoreWiFi
0x000000002a1b2000 	/System/Library/Frameworks/CoreBluetooth.framework/Versions/A/CoreBluetooth
0x000000002a1b2000 	/System/Library/Frameworks/CoreDisplay.framework/Versions/A/CoreDisplay
0x000000002a1b2000 	/System/Library/PrivateFrameworks/IOPresentment.framework/Versions/A/IOPresentment
0x000000002a1b2000 	/System/Library/PrivateFrameworks/DebugSymbols.framework/Versions/A/DebugSymbols
0x000000002a1b2000 	/System/Library/PrivateFrameworks/CoreSymbolication.framework/Versions/A/CoreSymbolication
0x000000002a1b2000 	/System/Library/PrivateFrameworks/Symbolication.framework/Versions/A/Symbolication
0x000000002a1b2000 	/System/Library/PrivateFrameworks/AppleFSCompression.framework/Versions/A/AppleFSCompression
0x000000002a1b2000 	/System/Library/PrivateFrameworks/SpeechRecognitionCore.framework/Versions/A/SpeechRecognitionCore
0x000000002a1b2000 	/System/Library/PrivateFrameworks/ChunkingLibrary.framework/Versions/A/ChunkingLibrary
0x000000010e600000 	/Library/Java/JavaVirtualMachines/jdk1.7.0_79.jdk/Contents/Home/jre/lib/server/libjvm.dylib
0x000000002a1b2000 	/usr/lib/libstdc++.6.dylib
0x000000010dda7000 	/Library/Java/JavaVirtualMachines/jdk1.7.0_79.jdk/Contents/Home/jre/lib/libverify.dylib
0x000000010ddb4000 	/Library/Java/JavaVirtualMachines/jdk1.7.0_79.jdk/Contents/Home/jre/lib/libjava.dylib
0x000000010ddee000 	/Library/Java/JavaVirtualMachines/jdk1.7.0_79.jdk/Contents/Home/jre/lib/libzip.dylib
0x000000011187a000 	/System/Library/Frameworks/JavaVM.framework/Frameworks/JavaRuntimeSupport.framework/JavaRuntimeSupport
0x00000001153a1000 	/System/Library/Frameworks/JavaVM.framework/Versions/A/Frameworks/JavaNativeFoundation.framework/Versions/A/JavaNativeFoundation
0x00000001153b6000 	/System/Library/Frameworks/JavaVM.framework/Versions/A/JavaVM
0x000000002a1b2000 	/System/Library/Frameworks/Carbon.framework/Versions/A/Carbon
0x00000001153c3000 	/System/Library/PrivateFrameworks/JavaLaunching.framework/Versions/A/JavaLaunching
0x000000002a1b2000 	/System/Library/Frameworks/Carbon.framework/Versions/A/Frameworks/CommonPanels.framework/Versions/A/CommonPanels
0x000000002a1b2000 	/System/Library/Frameworks/Carbon.framework/Versions/A/Frameworks/Help.framework/Versions/A/Help
0x000000002a1b2000 	/System/Library/Frameworks/Carbon.framework/Versions/A/Frameworks/ImageCapture.framework/Versions/A/ImageCapture
0x000000002a1b2000 	/System/Library/Frameworks/Carbon.framework/Versions/A/Frameworks/OpenScripting.framework/Versions/A/OpenScripting
0x000000002a1b2000 	/System/Library/Frameworks/Carbon.framework/Versions/A/Frameworks/Print.framework/Versions/A/Print
0x000000002a1b2000 	/System/Library/Frameworks/Carbon.framework/Versions/A/Frameworks/SecurityHI.framework/Versions/A/SecurityHI
0x0000000116de5000 	/Library/Java/JavaVirtualMachines/jdk1.7.0_79.jdk/Contents/Home/jre/lib/libnio.dylib
0x0000000116df4000 	/Library/Java/JavaVirtualMachines/jdk1.7.0_79.jdk/Contents/Home/jre/lib/./libnet.dylib
0x0000000117459000 	/Library/Java/JavaVirtualMachines/jdk1.7.0_79.jdk/Contents/Home/jre/lib/libawt.dylib
0x0000000117838000 	/Library/Java/JavaVirtualMachines/jdk1.7.0_79.jdk/Contents/Home/jre/lib/./libmlib_image.dylib
0x0000000117508000 	/Library/Java/JavaVirtualMachines/jdk1.7.0_79.jdk/Contents/Home/jre/lib/lwawt/liblwawt.dylib
0x0000000116e5c000 	/Library/Java/JavaVirtualMachines/jdk1.7.0_79.jdk/Contents/Home/jre/lib/libosxapp.dylib
0x000000002a1b2000 	/System/Library/Frameworks/ExceptionHandling.framework/Versions/A/ExceptionHandling
0x000000002a1b2000 	/System/Library/PrivateFrameworks/CoreServicesInternal.framework/Versions/A/CoreServicesInternal
0x000000002a1b2000 	/System/Library/CoreServices/RawCamera.bundle/Contents/MacOS/RawCamera
0x000000002a1b2000 	/System/Library/Frameworks/Accelerate.framework/Versions/A/Frameworks/vImage.framework/Versions/A/Libraries/libCGInterfaces.dylib
0x000000002a1b2000 	/System/Library/PrivateFrameworks/FamilyControls.framework/Versions/A/FamilyControls
0x000000002a1b2000 	/System/Library/PrivateFrameworks/CommerceKit.framework/Versions/A/Frameworks/CommerceCore.framework/Versions/A/CommerceCore
0x000000002a1b2000 	/System/Library/PrivateFrameworks/SystemAdministration.framework/Versions/A/SystemAdministration
0x000000002a1b2000 	/System/Library/PrivateFrameworks/AppContainer.framework/Versions/A/AppContainer
0x000000002a1b2000 	/System/Library/PrivateFrameworks/SecCodeWrapper.framework/Versions/A/SecCodeWrapper
0x000000002a1b2000 	/System/Library/Frameworks/DirectoryService.framework/Versions/A/DirectoryService
0x000000002a1b2000 	/System/Library/PrivateFrameworks/DiskImages.framework/Versions/A/DiskImages
0x000000002a1b2000 	/System/Library/PrivateFrameworks/LoginUIKit.framework/Versions/A/Frameworks/LoginUICore.framework/Versions/A/LoginUICore
0x000000002a1b2000 	/usr/lib/libCoreStorage.dylib
0x000000002a1b2000 	/usr/lib/libcsfde.dylib
0x000000002a1b2000 	/usr/lib/libodfde.dylib
0x000000002a1b2000 	/System/Library/Frameworks/DiscRecording.framework/Versions/A/DiscRecording
0x000000002a1b2000 	/usr/lib/libcurl.4.dylib
0x000000002a1b2000 	/System/Library/PrivateFrameworks/MediaKit.framework/Versions/A/MediaKit
0x000000002a1b2000 	/System/Library/PrivateFrameworks/ProtectedCloudStorage.framework/Versions/A/ProtectedCloudStorage
0x000000002a1b2000 	/System/Library/PrivateFrameworks/EFILogin.framework/Versions/A/EFILogin
0x000000002a1b2000 	/usr/lib/libutil.dylib
0x000000002a1b2000 	/System/Library/Frameworks/LDAP.framework/Versions/A/LDAP
0x000000002a1b2000 	/usr/lib/libsasl2.2.dylib
0x000000002a1b2000 	/System/Library/PrivateFrameworks/CoreDaemon.framework/Versions/B/CoreDaemon
0x000000002a1b2000 	/System/Library/PrivateFrameworks/AppleSRP.framework/Versions/A/AppleSRP
0x000000002a1b2000 	/System/Library/PrivateFrameworks/APFS.framework/Versions/A/APFS

VM Arguments:
jvm_args: -Dfile.encoding=UTF-8 -Xms768m -Xmx768m -Dclojure.compile.path=/Users/dcmcshan/Documents/KaBOB/sparqler/target/base+system+user+dev/classes -Dsparqler.version=0.1.0-SNAPSHOT -Dclojure.debug=false 
java_command: clojure.main -i /private/var/folders/dm/4yd69jc930743g5n4jpy5ylr0000gq/T/form-init8977621265248699703.clj
Launcher Type: SUN_STANDARD

Environment Variables:
CLASSPATH=/Users/dcmcshan/.lein/self-installs/leiningen-2.7.1-standalone.jar
PATH=/opt/local/bin:/opt/local/sbin:/usr/local/bin:/usr/bin:/bin:/usr/sbin:/sbin:/opt/X11/bin:/usr/local/CrossPack-AVR/bin:/private/var/folders/dm/4yd69jc930743g5n4jpy5ylr0000gq/T/AppTranslocation/D3946400-69E2-4FD2-B12F-EF0A95B01269/d/Emacs.app/Contents/MacOS/bin-x86_64-10_9:/private/var/folders/dm/4yd69jc930743g5n4jpy5ylr0000gq/T/AppTranslocation/D3946400-69E2-4FD2-B12F-EF0A95B01269/d/Emacs.app/Contents/MacOS/libexec-x86_64-10_9
SHELL=/bin/bash
DISPLAY=/private/tmp/com.apple.launchd.phHJaHtv2S/org.macosforge.xquartz:0

Signal Handlers:
SIGSEGV: [libjvm.dylib+0x52daf1], sa_mask[0]=0xfffefeff, sa_flags=0x00000043
SIGBUS: [libjvm.dylib+0x52daf1], sa_mask[0]=0xfffefeff, sa_flags=0x00000042
SIGFPE: [libjvm.dylib+0x41f34e], sa_mask[0]=0xfffefeff, sa_flags=0x00000042
SIGPIPE: [libjvm.dylib+0x41f34e], sa_mask[0]=0xfffefeff, sa_flags=0x00000042
SIGXFSZ: [libjvm.dylib+0x41f34e], sa_mask[0]=0xfffefeff, sa_flags=0x00000042
SIGILL: [libjvm.dylib+0x41f34e], sa_mask[0]=0xfffefeff, sa_flags=0x00000042
SIGUSR1: SIG_DFL, sa_mask[0]=0x63807efb, sa_flags=0x00000000
SIGUSR2: [libjvm.dylib+0x41ee40], sa_mask[0]=0x00000004, sa_flags=0x00000042
SIGHUP: [libjvm.dylib+0x41d0d1], sa_mask[0]=0xfffefeff, sa_flags=0x00000042
SIGINT: [libjvm.dylib+0x41d0d1], sa_mask[0]=0xfffefeff, sa_flags=0x00000042
SIGTERM: [libjvm.dylib+0x41d0d1], sa_mask[0]=0xfffefeff, sa_flags=0x00000042
SIGQUIT: [libjvm.dylib+0x41d0d1], sa_mask[0]=0xfffefeff, sa_flags=0x00000042


---------------  S Y S T E M  ---------------

OS:Bsduname:Darwin 16.0.0 Darwin Kernel Version 16.0.0: Mon Aug 29 17:56:20 PDT 2016; root:xnu-3789.1.32~3/RELEASE_X86_64 x86_64
rlimit: STACK 8515k, CORE 0k, NPROC 709, NOFILE 10240, AS infinity
load average:7.38 4.48 3.83

CPU:total 4 (2 cores per cpu, 2 threads per core) family 6 model 42 stepping 7, cmov, cx8, fxsr, mmx, sse, sse2, sse3, ssse3, sse4.1, sse4.2, popcnt, avx, aes, ht, tsc, tscinvbit

Memory: 4k page, physical 4194304k(1048576k free)

/proc/meminfo:


vm_info: Java HotSpot(TM) 64-Bit Server VM (24.79-b02) for bsd-amd64 JRE (1.7.0_79-b15), built on Apr 10 2015 11:35:04 by "java_re" with gcc 4.2.1 (Based on Apple Inc. build 5658) (LLVM build 2336.11.00)

time: Tue Nov 22 14:31:44 2016
elapsed time: 8721 seconds

